Running on host compute100.bc4.acrc.priv
Time is Thu Apr 28 20:10:38 BST 2022
Directory is /user/home/fi19121
Slurm job ID is 10271886
This job runs on the following machines:
compute[100,103,216,300]
183.813360
94.274773
63.215102
48.175598
38.863578
35.558129
28.578594
24.895345
23.639570
25.150041
21.901740
23.227207
19.933735
16.830224
15.439338
14.893436
13.805548
15.468202
14.460327
14.475839
13.104672
11.499319
10.776289
10.751472
9.689074
11.015601
10.982685
10.208497
10.064920
9.745272
8.546798
9.333170
9.593489
9.354541
8.935848
8.399140
8.159675
8.248512
8.087803
7.985934
6.473003
7.049994
6.471687
7.752609
7.551440
7.452694
7.724145
7.181636
6.286669
6.733900
6.668470
6.541267
6.553269
6.605248
6.542583
6.646859
6.272959
6.729248
6.803980
6.090704
5.580064
5.522467
5.580986
5.598650
5.597405
5.572844
6.012672
5.819022
5.999317
6.001889
5.623746
5.876621
5.753788
6.079537
5.986191
5.893161
5.985379
5.996113
4.727993
5.136503
4.807508
4.901610
4.873084
4.789845
4.987534
4.907370
4.960697
5.286783
5.124256
5.079247
5.112159
4.941351
5.214830
5.213357
5.041509
4.970938
5.235290
5.145880
5.210866
5.131933
5.376818
5.410827
5.191045
5.184690
5.127609
5.596454
5.725311
5.424116
5.759751
5.486590
5.553237
5.627572
