Running on host compute100.bc4.acrc.priv
Time is Thu Apr 28 20:42:08 BST 2022
Directory is /user/home/fi19121
Slurm job ID is 10271920
This job runs on the following machines:
compute[100,103,108,110]
771.674727
380.924619
250.330336
197.222889
151.490375
159.495918
116.636872
94.998197
85.626611
94.800826
83.088926
77.038653
72.619252
63.020008
58.566636
55.534420
56.453294
59.176265
54.805197
51.929399
48.740036
43.236574
41.476976
39.699717
38.155022
43.414628
40.818359
38.401166
37.231846
32.654493
31.820528
31.690897
30.564699
32.638845
31.819254
30.030375
30.355559
28.102945
27.393959
27.477536
26.161320
27.620910
26.705660
26.518362
25.976818
23.917200
24.573911
24.589019
23.586626
24.725523
24.069906
23.844922
23.639736
22.378018
22.971045
21.932976
21.815780
22.997076
22.403462
20.831279
21.349022
21.039143
20.542303
19.563762
19.794819
20.987313
20.434278
19.285087
20.129868
19.661975
19.411551
18.300133
18.159680
19.620191
19.287539
19.000847
18.951554
17.894533
17.804894
17.783111
17.597548
18.941209
18.071935
17.237331
17.565336
17.805182
17.098574
17.148667
17.391199
17.735109
16.702872
16.350271
16.457222
16.604102
16.475209
16.673907
16.515514
17.210554
16.549083
15.680180
15.539945
15.639911
15.693789
15.808225
15.940212
16.182898
15.913271
16.547872
16.194706
16.534951
15.204131
15.013754
